build/app/outputs/mapping/release/seeds.txt
com.google.android.gms.internal.firebase-auth-api.zzzo: android.os.Parcelable$Creator CREATOR
androidx.window.layout.WindowInfoTrackerImpl: androidx.window.layout.WindowMetricsCalculator windowMetricsCalculator
com.google.android.gms.internal.firebase-auth-api.zzmk: java.lang.String zze
kotlinx.coroutines.internal.LockFreeTaskQueue: java.lang.Object _cur
com.google.android.gms.internal.firebase-auth-api.zznb: int zzf
androidx.window.R$styleable: int ActivityRule_alwaysExpand
com.google.android.gms.internal.firebase-auth-api.zzyw: android.os.Parcelable$Creator CREATOR
com.google.firestore.v1.StructuredQuery$FieldFilter: com.google.firestore.v1.StructuredQuery$FieldFilter DEFAULT_INSTANCE
com.google.android.gms.internal.firebase-auth-api.zzkj: com.google.android.gms.internal.firebase-auth-api.zzkj zzb
com.google.firebase.firestore.proto.Target: int QUERY_FIELD_NUMBER
androidx.window.layout.SidecarWindowBackend: androidx.window.layout.SidecarWindowBackend globalInstance
com.google.firestore.v1.DocumentTransform$FieldTransform: int transformTypeCase_
com.google.firestore.v1.StructuredQuery$UnaryFilter: com.google.firestore.v1.StructuredQuery$UnaryFilter DEFAULT_INSTANCE
androidx.window.R$attr: int alwaysExpand
kotlinx.coroutines.internal.LockFreeLinkedListNode: java.lang.Object _removedRef
com.google.firestore.v1.TransactionOptions$ReadWrite: com.google.protobuf.ByteString retryTransaction_
com.google.firestore.v1.DocumentMask: int FIELD_PATHS_FIELD_NUMBER
io.flutter.plugins.firebase.core.FlutterFirebasePluginRegistry: java.util.Map registeredPlugins
com.google.firestore.v1.Value: int STRING_VALUE_FIELD_NUMBER
com.google.android.gms.internal.firebase-auth-api.zzli: com.google.android.gms.internal.firebase-auth-api.zzaau zze
io.flutter.embedding.engine.renderer.SurfaceTextureWrapper: java.lang.Runnable onFrameConsumed
androidx.window.layout.SidecarWindowBackend: androidx.window.layout.SidecarWindowBackend$Companion Companion
androidx.window.layout.SidecarCompat$registerConfigurationChangeListener$configChangeObserver$1: android.app.Activity $activity
com.google.rpc.Status: java.lang.String message_
com.google.firestore.v1.DocumentChange: com.google.protobuf.Internal$IntList removedTargetIds_
com.google.android.gms.internal.firebase-auth-api.zzqy: android.os.Parcelable$Creator CREATOR
com.google.android.gms.signin.internal.zai: android.os.Parcelable$Creator CREATOR
com.google.firestore.v1.StructuredQuery$UnaryFilter: java.lang.Object operandType_
com.google.firestore.v1.Target$QueryTarget: int queryTypeCase_
kotlin.jvm.internal.Lambda: int arity
com.google.firestore.v1.CommitRequest: com.google.protobuf.Parser PARSER
com.google.android.gms.common.internal.GetServiceRequest: android.os.Parcelable$Creator CREATOR
com.google.android.gms.internal.firebase-auth-api.zzjf: com.google.android.gms.internal.firebase-auth-api.zzjl zzf
com.google.android.gms.internal.firebase-auth-api.zzqg: android.os.Parcelable$Creator CREATOR
com.google.firestore.v1.TargetChange: int CAUSE_FIELD_NUMBER
com.google.android.gms.common.internal.ConnectionTelemetryConfiguration: android.os.Parcelable$Creator CREATOR
com.google.android.gms.internal.firebase-auth-api.zzry: android.os.Parcelable$Creator CREATOR
kotlinx.coroutines.internal.DispatchedContinuation: java.lang.Object _reusableCancellableContinuation
androidx.window.layout.WindowInfoTrackerImpl$windowLayoutInfo$1: int label
com.google.firebase.auth.PhoneMultiFactorInfo: android.os.Parcelable$Creator CREATOR
com.google.firebase.auth.ActionCodeSettings: android.os.Parcelable$Creator CREATOR
com.google.firestore.bundle.BundledQuery: int limitType_
com.google.android.gms.internal.firebase-auth-api.zzabx: int zzd
com.google.firestore.v1.ArrayValue: int VALUES_FIELD_NUMBER
androidx.window.layout.FoldingFeature$Orientation: java.lang.String description
com.google.firebase.firestore.proto.Target: int targetId_
kotlin.jvm.internal.CallableReference: java.lang.Class owner