build/app/outputs/mapping/release/usage.txt
com.google.android.gms.safetynet.SafeBrowsingThreat
com.google.android.gms.safetynet.SafetyNet:
    private void <init>()
    public static com.google.android.gms.safetynet.SafetyNetClient getClient(android.app.Activity)
com.google.android.gms.safetynet.SafetyNetApi$HarmfulAppsResponse
com.google.android.gms.safetynet.SafetyNetApi$RecaptchaTokenResponse
com.google.android.gms.safetynet.SafetyNetApi$RecaptchaTokenResult
com.google.android.gms.safetynet.SafetyNetApi$SafeBrowsingResponse
com.google.android.gms.safetynet.SafetyNetApi$SafeBrowsingResult
com.google.android.gms.safetynet.SafetyNetApi$VerifyAppsUserResponse
com.google.android.gms.safetynet.SafetyNetApi$zzb
com.google.android.gms.safetynet.SafetyNetApi$zzc
com.google.android.gms.safetynet.SafetyNetApi:
    public abstract com.google.android.gms.common.api.PendingResult attest(com.google.android.gms.common.api.GoogleApiClient,byte[])
    public abstract com.google.android.gms.common.api.PendingResult enableVerifyApps(com.google.android.gms.common.api.GoogleApiClient)
    public abstract com.google.android.gms.common.api.PendingResult isVerifyAppsEnabled(com.google.android.gms.common.api.GoogleApiClient)
    public abstract boolean isVerifyAppsEnabled(android.content.Context)
    public abstract com.google.android.gms.common.api.PendingResult listHarmfulApps(com.google.android.gms.common.api.GoogleApiClient)
    public varargs abstract com.google.android.gms.common.api.PendingResult lookupUri(com.google.android.gms.common.api.GoogleApiClient,java.lang.String,java.lang.String,int[])
    public abstract com.google.android.gms.common.api.PendingResult lookupUri(com.google.android.gms.common.api.GoogleApiClient,java.util.List,java.lang.String)
    public abstract com.google.android.gms.common.api.PendingResult verifyWithRecaptcha(com.google.android.gms.common.api.GoogleApiClient,java.lang.String)
com.google.android.gms.safetynet.SafetyNetClient:
    void <init>(android.app.Activity)
    public com.google.android.gms.tasks.Task enableVerifyApps()
    public com.google.android.gms.tasks.Task initSafeBrowsing()
    public com.google.android.gms.tasks.Task isVerifyAppsEnabled()
    public com.google.android.gms.tasks.Task listHarmfulApps()
    public varargs com.google.android.gms.tasks.Task lookupUri(java.lang.String,java.lang.String,int[])
    public com.google.android.gms.tasks.Task shutdownSafeBrowsing()
    public com.google.android.gms.tasks.Task verifyWithRecaptcha(java.lang.String)
com.google.android.gms.safetynet.SafetyNetStatusCodes
com.google.android.gms.safetynet.VerifyAppsConstants
com.google.android.gms.safetynet.zzf:
    public final java.lang.String getTokenResult()
com.google.android.gms.safetynet.zzl
com.google.android.gms.safetynet.zzm
com.google.android.gms.safetynet.zzn
com.google.android.gms.security.ProviderInstaller$ProviderInstallListener
com.google.android.gms.security.ProviderInstaller:
    public static final java.lang.String PROVIDER_NAME
    public void <init>()
    public static void installIfNeededAsync(android.content.Context,com.google.android.gms.security.ProviderInstaller$ProviderInstallListener)
    static synthetic bridge com.google.android.gms.common.GoogleApiAvailabilityLight zza()
com.google.android.gms.security.zza
com.google.android.gms.signin.internal.SignInClientImpl:
    public final void zaa()
    public final void zac(com.google.android.gms.common.internal.IAccountAccessor,boolean)
com.google.android.gms.signin.internal.zac:
    public void zab(com.google.android.gms.signin.internal.zak)
com.google.android.gms.signin.internal.zaf:
    public final void zae(int)
    public final void zaf(com.google.android.gms.common.internal.IAccountAccessor,int,boolean)
com.google.android.gms.signin.zae:
    public abstract void zaa()
    public abstract void zac(com.google.android.gms.common.internal.IAccountAccessor,boolean)
com.google.android.gms.tasks.CancellationToken
com.google.android.gms.tasks.CancellationTokenSource